{"name": "test_create_category", "status": "failed", "statusDetails": {"message": "AssertionError: \nExpected: <class 'int'>\n     but: was <class 'str'>", "trace": "self = <testcase.test_category.TestCategory object at 0x104285670>\n\n    def test_create_category(self):\n        c_v = self.data.create_material_category_normal(material_property=\"PRODUCT\")\n        res = self.category.create_material_category(variables=c_v)\n>       assert_that(type(res), equal_to(int))\nE       AssertionError: \nE       Expected: <class 'int'>\nE            but: was <class 'str'>\n\ntest_category.py:24: AssertionError"}, "attachments": [{"name": "log", "source": "20294e08-a3c0-4ca0-b550-792cae04d2e5-attachment.txt", "type": "text/plain"}], "start": 1649394722319, "stop": 1649394723034, "uuid": "ffcec105-d7b2-476f-a879-8eb83fae617c", "historyId": "b9e3f727f8ab27d027f4773245e66dc4", "testCaseId": "c81091f1b840a02850ba79b994c5781a", "fullName": "testcase.test_category.TestCategory#test_create_category", "labels": [{"name": "parentSuite", "value": "testcase"}, {"name": "suite", "value": "test_category"}, {"name": "subSuite", "value": "TestCategory"}, {"name": "host", "value": "feiyilin-MacBook.local"}, {"name": "thread", "value": "76914-MainThread"}, {"name": "framework", "value": "pytest"}, {"name": "language", "value": "cpython3"}, {"name": "package", "value": "testcase.test_category"}]}